<?xml version="1.0" encoding="UTF-8"?>
<testsuite xmlns:xsi="http://www.w3.org/2001/XMLSchema-instance" xsi:noNamespaceSchemaLocation="https://maven.apache.org/surefire/maven-surefire-plugin/xsd/surefire-test-report.xsd" name="com.example.ContactoTest" time="0.044" tests="10" errors="0" skipped="0" failures="0">
  <properties>
    <property name="java.specification.version" value="22"/>
    <property name="sun.jnu.encoding" value="UTF-8"/>
    <property name="java.class.path" value="/Users/nicolasmedula/Desktop/Tetris TP1/Gestor_de_emails_JAVA_OOP/demo/target/test-classes:/Users/nicolasmedula/Desktop/Tetris TP1/Gestor_de_emails_JAVA_OOP/demo/target/classes:/Users/nicolasmedula/.m2/repository/junit/junit/4.13.2/junit-4.13.2.jar:/Users/nicolasmedula/.m2/repository/org/hamcrest/hamcrest-core/1.3/hamcrest-core-1.3.jar:"/>
    <property name="java.vm.vendor" value="Homebrew"/>
    <property name="sun.arch.data.model" value="64"/>
    <property name="java.vendor.url" value="https://github.com/Homebrew/homebrew-core/issues"/>
    <property name="os.name" value="Mac OS X"/>
    <property name="java.vm.specification.version" value="22"/>
    <property name="sun.java.launcher" value="SUN_STANDARD"/>
    <property name="user.country" value="AR"/>
    <property name="sun.boot.library.path" value="/opt/homebrew/Cellar/openjdk/22.0.2/libexec/openjdk.jdk/Contents/Home/lib"/>
    <property name="sun.java.command" value="/Users/nicolasmedula/Desktop/Tetris TP1/Gestor_de_emails_JAVA_OOP/demo/target/surefire/surefirebooter2749723676858517889.jar /Users/nicolasmedula/Desktop/Tetris TP1/Gestor_de_emails_JAVA_OOP/demo/target/surefire 2024-09-26T11-55-10_196-jvmRun1 surefire17600349733940213459tmp surefire_017434239299580154034tmp"/>
    <property name="http.nonProxyHosts" value="local|*.local|169.254/16|*.169.254/16"/>
    <property name="jdk.debug" value="release"/>
    <property name="surefire.test.class.path" value="/Users/nicolasmedula/Desktop/Tetris TP1/Gestor_de_emails_JAVA_OOP/demo/target/test-classes:/Users/nicolasmedula/Desktop/Tetris TP1/Gestor_de_emails_JAVA_OOP/demo/target/classes:/Users/nicolasmedula/.m2/repository/junit/junit/4.13.2/junit-4.13.2.jar:/Users/nicolasmedula/.m2/repository/org/hamcrest/hamcrest-core/1.3/hamcrest-core-1.3.jar:"/>
    <property name="sun.cpu.endian" value="little"/>
    <property name="user.home" value="/Users/nicolasmedula"/>
    <property name="user.language" value="es"/>
    <property name="java.specification.vendor" value="Oracle Corporation"/>
    <property name="java.version.date" value="2024-07-16"/>
    <property name="java.home" value="/opt/homebrew/Cellar/openjdk/22.0.2/libexec/openjdk.jdk/Contents/Home"/>
    <property name="file.separator" value="/"/>
    <property name="basedir" value="/Users/nicolasmedula/Desktop/Tetris TP1/Gestor_de_emails_JAVA_OOP/demo"/>
    <property name="java.vm.compressedOopsMode" value="Zero based"/>
    <property name="line.separator" value="&#10;"/>
    <property name="java.vm.specification.vendor" value="Oracle Corporation"/>
    <property name="java.specification.name" value="Java Platform API Specification"/>
    <property name="apple.awt.application.name" value="ForkedBooter"/>
    <property name="surefire.real.class.path" value="/Users/nicolasmedula/Desktop/Tetris TP1/Gestor_de_emails_JAVA_OOP/demo/target/surefire/surefirebooter2749723676858517889.jar"/>
    <property name="sun.management.compiler" value="HotSpot 64-Bit Tiered Compilers"/>
    <property name="ftp.nonProxyHosts" value="local|*.local|169.254/16|*.169.254/16"/>
    <property name="java.runtime.version" value="22.0.2"/>
    <property name="user.name" value="nicolasmedula"/>
    <property name="stdout.encoding" value="UTF-8"/>
    <property name="path.separator" value=":"/>
    <property name="os.version" value="14.4"/>
    <property name="java.runtime.name" value="OpenJDK Runtime Environment"/>
    <property name="file.encoding" value="UTF-8"/>
    <property name="java.vm.name" value="OpenJDK 64-Bit Server VM"/>
    <property name="java.vendor.version" value="Homebrew"/>
    <property name="localRepository" value="/Users/nicolasmedula/.m2/repository"/>
    <property name="java.vendor.url.bug" value="https://github.com/Homebrew/homebrew-core/issues"/>
    <property name="java.io.tmpdir" value="/var/folders/hq/hhfc8fjj0n34rykzpgmz2s8m0000gn/T/"/>
    <property name="java.version" value="22.0.2"/>
    <property name="user.dir" value="/Users/nicolasmedula/Desktop/Tetris TP1/Gestor_de_emails_JAVA_OOP/demo"/>
    <property name="os.arch" value="aarch64"/>
    <property name="java.vm.specification.name" value="Java Virtual Machine Specification"/>
    <property name="native.encoding" value="UTF-8"/>
    <property name="java.library.path" value="/Users/nicolasmedula/Library/Java/Extensions:/Library/Java/Extensions:/Network/Library/Java/Extensions:/System/Library/Java/Extensions:/usr/lib/java:."/>
    <property name="java.vm.info" value="mixed mode, sharing"/>
    <property name="stderr.encoding" value="UTF-8"/>
    <property name="java.vendor" value="Homebrew"/>
    <property name="java.vm.version" value="22.0.2"/>
    <property name="sun.io.unicode.encoding" value="UnicodeBig"/>
    <property name="socksNonProxyHosts" value="local|*.local|169.254/16|*.169.254/16"/>
    <property name="java.class.version" value="66.0"/>
  </properties>
  <testcase name="crear_1000_contactos_validos_Test" classname="com.example.ContactoTest" time="0.022"/>
  <testcase name="crear_correo_electronico_con_10_destinatario_Test" classname="com.example.ContactoTest" time="0"/>
  <testcase name="crear_10_contactos_validados_correctamente_Test" classname="com.example.ContactoTest" time="0.001"/>
  <testcase name="crear_correo_electronico_con_100_destinatarios_Test" classname="com.example.ContactoTest" time="0"/>
  <testcase name="verificar_que_el_mail_se_envia_y_se_almacena_en_bandeja_de_salida_Test" classname="com.example.ContactoTest" time="0.001"/>
  <testcase name="crear_correo_electronico_con_las_propiedades_Test" classname="com.example.ContactoTest" time="0.002"/>
  <testcase name="crear_un_contacto_invalido_Test" classname="com.example.ContactoTest" time="0"/>
  <testcase name="crear_1000_contactos_invalidos_Test" classname="com.example.ContactoTest" time="0.004"/>
  <testcase name="crear_un_contacto_correctamente_Test" classname="com.example.ContactoTest" time="0"/>
  <testcase name="crear_100_contactos_validos_Test" classname="com.example.ContactoTest" time="0.001"/>
</testsuite>